<?xml version="1.0" encoding="UTF-8"?>
<!-- Generated by org.testng.reporters.JUnitXMLReporter -->
<testsuite ignored="0" hostname="Cihan-MacBook-Pro.local" failures="0" tests="3" name="Default test" time="31.337" errors="0" timestamp="2022-10-16T11:45:01 EET">
  <testcase classname="androidTest.testEcommerce" name="Login" time="9.118"/>
  <testcase classname="androidTest.testEcommerce" name="productList" time="9.169"/>
  <testcase classname="androidTest.testEcommerce" name="Basketpage" time="8.533"/>
</testsuite> <!-- Default test -->
