<?xml version="1.0" encoding="UTF-8"?>
<testng-results ignored="0" total="3" passed="3" failed="0" skipped="0">
  <reporter-output>
  </reporter-output>
  <suite started-at="2022-10-16T11:44:29 EET" name="Default suite" finished-at="2022-10-16T11:45:00 EET" duration-ms="31337">
    <groups>
    </groups>
    <test started-at="2022-10-16T11:44:29 EET" name="Default test" finished-at="2022-10-16T11:45:00 EET" duration-ms="31337">
      <class name="androidTest.testEcommerce">
        <test-method is-config="true" signature="ConfigureAppium()[pri:0, instance:androidTest.testEcommerce@2034b64c]" started-at="2022-10-16T11:44:29 EET" name="ConfigureAppium" finished-at="2022-10-16T11:44:33 EET" duration-ms="4269" status="PASS">
          <reporter-output>
          </reporter-output>
        </test-method> <!-- ConfigureAppium -->
        <test-method signature="Login()[pri:1, instance:androidTest.testEcommerce@2034b64c]" started-at="2022-10-16T11:44:33 EET" name="Login" finished-at="2022-10-16T11:44:42 EET" duration-ms="9118" status="PASS">
          <reporter-output>
          </reporter-output>
        </test-method> <!-- Login -->
        <test-method signature="productList()[pri:2, instance:androidTest.testEcommerce@2034b64c]" started-at="2022-10-16T11:44:42 EET" name="productList" finished-at="2022-10-16T11:44:52 EET" duration-ms="9169" status="PASS">
          <reporter-output>
          </reporter-output>
        </test-method> <!-- productList -->
        <test-method signature="Basketpage()[pri:3, instance:androidTest.testEcommerce@2034b64c]" started-at="2022-10-16T11:44:52 EET" name="Basketpage" finished-at="2022-10-16T11:45:00 EET" duration-ms="8533" status="PASS">
          <reporter-output>
          </reporter-output>
        </test-method> <!-- Basketpage -->
        <test-method is-config="true" signature="tearDown()[pri:0, instance:androidTest.testEcommerce@2034b64c]" started-at="2022-10-16T11:45:00 EET" name="tearDown" finished-at="2022-10-16T11:45:00 EET" duration-ms="211" status="PASS">
          <reporter-output>
          </reporter-output>
        </test-method> <!-- tearDown -->
      </class> <!-- androidTest.testEcommerce -->
    </test> <!-- Default test -->
  </suite> <!-- Default suite -->
</testng-results>
