<?xml version="1.0" encoding="UTF-8"?>
<testng-results ignored="0" total="2" passed="2" failed="0" skipped="0">
  <reporter-output>
  </reporter-output>
  <suite started-at="2022-10-16T21:57:55 EET" name="Default suite" finished-at="2022-10-16T21:58:12 EET" duration-ms="17488">
    <groups>
    </groups>
    <test started-at="2022-10-16T21:57:55 EET" name="Default test" finished-at="2022-10-16T21:58:12 EET" duration-ms="17488">
      <class name="IOSTest.testUIKit">
        <test-method is-config="true" signature="ConfigureAppium()[pri:0, instance:IOSTest.testUIKit@d737b89]" started-at="2022-10-16T21:57:55 EET" name="ConfigureAppium" finished-at="2022-10-16T21:57:58 EET" duration-ms="3765" status="PASS">
          <reporter-output>
          </reporter-output>
        </test-method> <!-- ConfigureAppium -->
        <test-method signature="AlertViews()[pri:1, instance:IOSTest.testUIKit@d737b89]" started-at="2022-10-16T21:57:58 EET" name="AlertViews" finished-at="2022-10-16T21:58:05 EET" duration-ms="6744" status="PASS">
          <reporter-output>
          </reporter-output>
        </test-method> <!-- AlertViews -->
        <test-method signature="Steppers()[pri:2, instance:IOSTest.testUIKit@d737b89]" started-at="2022-10-16T21:58:05 EET" name="Steppers" finished-at="2022-10-16T21:58:11 EET" duration-ms="5906" status="PASS">
          <reporter-output>
          </reporter-output>
        </test-method> <!-- Steppers -->
        <test-method is-config="true" signature="tearDown()[pri:0, instance:IOSTest.testUIKit@d737b89]" started-at="2022-10-16T21:58:11 EET" name="tearDown" finished-at="2022-10-16T21:58:12 EET" duration-ms="1042" status="PASS">
          <reporter-output>
          </reporter-output>
        </test-method> <!-- tearDown -->
      </class> <!-- IOSTest.testUIKit -->
    </test> <!-- Default test -->
  </suite> <!-- Default suite -->
</testng-results>
